<?xml version="1.0" encoding="UTF-8"?>
<!-- Generated by org.testng.reporters.JUnitReportReporter -->
<testsuite hostname="ESLLAP-3765" failures="0" tests="1" name="TestRunner.CucumberTestRunner" time="11.404" errors="0" timestamp="2024-12-18T11:00:08 IST" skipped="0">
  <testcase classname="TestRunner.CucumberTestRunner" name="runScenario" time="11.404"/>
</testsuite> <!-- TestRunner.CucumberTestRunner -->
